Determining if the pthread_create exist failed with the following output:
Change Dir: /home/thiago/qt_projects/RGBD-Reconstruction/build/CMakeFiles/CMakeTmp

Run Build Command:"/usr/bin/make" "cmTC_55b8a/fast"
/usr/bin/make -f CMakeFiles/cmTC_55b8a.dir/build.make CMakeFiles/cmTC_55b8a.dir/build
make[1]: Entering directory '/home/thiago/qt_projects/RGBD-Reconstruction/build/CMakeFiles/CMakeTmp'
Building C object CMakeFiles/cmTC_55b8a.dir/CheckSymbolExists.c.o
/usr/bin/cc    -O3 -msse4.2    -o CMakeFiles/cmTC_55b8a.dir/CheckSymbolExists.c.o   -c /home/thiago/qt_projects/RGBD-Reconstruction/build/CMakeFiles/CMakeTmp/CheckSymbolExists.c
Linking C executable cmTC_55b8a
/usr/bin/cmake -E cmake_link_script CMakeFiles/cmTC_55b8a.dir/link.txt --verbose=1
/usr/bin/cc   -O3 -msse4.2     CMakeFiles/cmTC_55b8a.dir/CheckSymbolExists.c.o  -o cmTC_55b8a -rdynamic 
CMakeFiles/cmTC_55b8a.dir/CheckSymbolExists.c.o: In function `main':
CheckSymbolExists.c:(.text.startup+0x6): undefined reference to `pthread_create'
collect2: error: ld returned 1 exit status
CMakeFiles/cmTC_55b8a.dir/build.make:97: recipe for target 'cmTC_55b8a' failed
make[1]: *** [cmTC_55b8a] Error 1
make[1]: Leaving directory '/home/thiago/qt_projects/RGBD-Reconstruction/build/CMakeFiles/CMakeTmp'
Makefile:126: recipe for target 'cmTC_55b8a/fast' failed
make: *** [cmTC_55b8a/fast] Error 2

File /home/thiago/qt_projects/RGBD-Reconstruction/build/CMakeFiles/CMakeTmp/CheckSymbolExists.c:
/* */
#include <pthread.h>

int main(int argc, char** argv)
{
  (void)argv;
#ifndef pthread_create
  return ((int*)(&pthread_create))[argc];
#else
  (void)argc;
  return 0;
#endif
}

Determining if the function pthread_create exists in the pthreads failed with the following output:
Change Dir: /home/thiago/qt_projects/RGBD-Reconstruction/build/CMakeFiles/CMakeTmp

Run Build Command:"/usr/bin/make" "cmTC_7efe3/fast"
/usr/bin/make -f CMakeFiles/cmTC_7efe3.dir/build.make CMakeFiles/cmTC_7efe3.dir/build
make[1]: Entering directory '/home/thiago/qt_projects/RGBD-Reconstruction/build/CMakeFiles/CMakeTmp'
Building C object CMakeFiles/cmTC_7efe3.dir/CheckFunctionExists.c.o
/usr/bin/cc    -O3 -msse4.2 -DCHECK_FUNCTION_EXISTS=pthread_create   -o CMakeFiles/cmTC_7efe3.dir/CheckFunctionExists.c.o   -c /usr/share/cmake-3.5/Modules/CheckFunctionExists.c
Linking C executable cmTC_7efe3
/usr/bin/cmake -E cmake_link_script CMakeFiles/cmTC_7efe3.dir/link.txt --verbose=1
/usr/bin/cc   -O3 -msse4.2 -DCHECK_FUNCTION_EXISTS=pthread_create    CMakeFiles/cmTC_7efe3.dir/CheckFunctionExists.c.o  -o cmTC_7efe3 -rdynamic -lpthreads 
/usr/bin/ld: cannot find -lpthreads
collect2: error: ld returned 1 exit status
CMakeFiles/cmTC_7efe3.dir/build.make:97: recipe for target 'cmTC_7efe3' failed
make[1]: *** [cmTC_7efe3] Error 1
make[1]: Leaving directory '/home/thiago/qt_projects/RGBD-Reconstruction/build/CMakeFiles/CMakeTmp'
Makefile:126: recipe for target 'cmTC_7efe3/fast' failed
make: *** [cmTC_7efe3/fast] Error 2


